# JRE version: Java(TM) SE Runtime Environment 18.9 (11.0.17+10) (build 11.0.17+10-LTS-269)
# Java VM: Java HotSpot(TM) 64-Bit Server VM 18.9 (11.0.17+10-LTS-269, mixed mode, tiered, compressed oops, g1 gc, windows-amd64)
Heap:
 garbage-first heap   total 260096K, used 12780K [0x0000000703200000, 0x0000000800000000)
  region size 1024K, 9 young (9216K), 6 survivors (6144K)
 Metaspace       used 36006K, capacity 36532K, committed 36816K, reserved 1081344K
  class space    used 3995K, capacity 4224K, committed 4224K, reserved 1048576K
GC Heap History (8 events):
Event: 0.562 GC heap before
{Heap before GC invocations=0 (full 0):
 garbage-first heap   total 260096K, used 23552K [0x0000000703200000, 0x0000000800000000)
  region size 1024K, 24 young (24576K), 0 survivors (0K)
 Metaspace       used 17512K, capacity 17842K, committed 17920K, reserved 1064960K
  class space    used 1839K, capacity 1998K, committed 2048K, reserved 1048576K
}
Event: 0.566 GC heap after
{Heap after GC invocations=1 (full 0):
 garbage-first heap   total 260096K, used 5271K [0x0000000703200000, 0x0000000800000000)
  region size 1024K, 3 young (3072K), 3 survivors (3072K)
 Metaspace       used 17512K, capacity 17842K, committed 17920K, reserved 1064960K
  class space    used 1839K, capacity 1998K, committed 2048K, reserved 1048576K
}
Event: 0.926 GC heap before
{Heap before GC invocations=1 (full 0):
 garbage-first heap   total 260096K, used 11415K [0x0000000703200000, 0x0000000800000000)
  region size 1024K, 10 young (10240K), 3 survivors (3072K)
 Metaspace       used 20875K, capacity 21176K, committed 21296K, reserved 1069056K
  class space    used 2243K, capacity 2381K, committed 2432K, reserved 1048576K
}
Event: 0.929 GC heap after
{Heap after GC invocations=2 (full 0):
 garbage-first heap   total 260096K, used 6883K [0x0000000703200000, 0x0000000800000000)
  region size 1024K, 2 young (2048K), 2 survivors (2048K)
 Metaspace       used 20875K, capacity 21176K, committed 21296K, reserved 1069056K
  class space    used 2243K, capacity 2381K, committed 2432K, reserved 1048576K
}
Event: 1.660 GC heap before
{Heap before GC invocations=3 (full 0):
 garbage-first heap   total 260096K, used 44771K [0x0000000703200000, 0x0000000800000000)
  region size 1024K, 39 young (39936K), 2 survivors (2048K)
 Metaspace       used 30127K, capacity 30691K, committed 30896K, reserved 1077248K
  class space    used 3312K, capacity 3531K, committed 3584K, reserved 1048576K
}
Event: 1.663 GC heap after
{Heap after GC invocations=4 (full 0):
 garbage-first heap   total 260096K, used 9502K [0x0000000703200000, 0x0000000800000000)
  region size 1024K, 4 young (4096K), 4 survivors (4096K)
 Metaspace       used 30127K, capacity 30691K, committed 30896K, reserved 1077248K
  class space    used 3312K, capacity 3531K, committed 3584K, reserved 1048576K
}
Event: 1.963 GC heap before
{Heap before GC invocations=4 (full 0):
 garbage-first heap   total 260096K, used 25886K [0x0000000703200000, 0x0000000800000000)
  region size 1024K, 21 young (21504K), 4 survivors (4096K)
 Metaspace       used 35317K, capacity 35828K, committed 35920K, reserved 1081344K
  class space    used 3856K, capacity 4096K, committed 4096K, reserved 1048576K
}
Event: 1.966 GC heap after
{Heap after GC invocations=5 (full 0):
 garbage-first heap   total 260096K, used 10732K [0x0000000703200000, 0x0000000800000000)
  region size 1024K, 6 young (6144K), 6 survivors (6144K)
 Metaspace       used 35317K, capacity 35828K, committed 35920K, reserved 1081344K
  class space    used 3856K, capacity 4096K, committed 4096K, reserved 1048576K
}

